This file contains any messages produced by compilers while
running configure, to aid debugging if configure makes a mistake.

It was created by Quantum State Neutral Networks configure 1.0, which was
generated by GNU Autoconf 2.69.  Invocation command line was

  $ ./configure 

## --------- ##
## Platform. ##
## --------- ##

hostname = tschllaushau
uname -m = x86_64
uname -r = 3.13.0-24-generic
uname -s = Linux
uname -v = #47-Ubuntu SMP Fri May 2 23:30:00 UTC 2014

/usr/bin/uname -p = unknown
/bin/uname -X     = unknown

/bin/arch              = unknown
/usr/bin/arch -k       = unknown
/usr/convex/getsysinfo = unknown
/usr/bin/hostinfo      = unknown
/bin/machine           = unknown
/usr/bin/oslevel       = unknown
/bin/universe          = unknown

PATH: /usr/local/sbin
PATH: /usr/local/bin
PATH: /usr/sbin
PATH: /usr/bin
PATH: /sbin
PATH: /bin
PATH: /usr/games
PATH: /usr/local/games
PATH: /usr/lib/jvm/java-8-oracle/bin
PATH: /usr/lib/jvm/java-8-oracle/db/bin
PATH: /usr/lib/jvm/java-8-oracle/jre/bin


## ----------- ##
## Core tests. ##
## ----------- ##

configure:2139: checking for a BSD-compatible install
configure:2207: result: /usr/bin/install -c
configure:2218: checking whether build environment is sane
configure:2273: result: yes
configure:2424: checking for a thread-safe mkdir -p
configure:2463: result: /bin/mkdir -p
configure:2470: checking for gawk
configure:2486: found /usr/bin/gawk
configure:2497: result: gawk
configure:2508: checking whether make sets $(MAKE)
configure:2530: result: yes
configure:2559: checking whether make supports nested variables
configure:2576: result: yes
configure:2808: checking for mpicpc
configure:2838: result: no
configure:2808: checking for mpicxx
configure:2824: found /usr/bin/mpicxx
configure:2835: result: mpicxx
configure:2862: checking for C++ compiler version
configure:2871: mpicxx --version >&5
g++ (Ubuntu 4.8.4-2ubuntu1~14.04.3) 4.8.4
Copyright (C) 2013 Free Software Foundation, Inc.
This is free software; see the source for copying conditions.  There is NO
warranty; not even for MERCHANTABILITY or FITNESS FOR A PARTICULAR PURPOSE.

configure:2882: $? = 0
configure:2871: mpicxx -v >&5
Using built-in specs.
COLLECT_GCC=/usr/bin/g++
COLLECT_LTO_WRAPPER=/usr/lib/gcc/x86_64-linux-gnu/4.8/lto-wrapper
Target: x86_64-linux-gnu
Configured with: ../src/configure -v --with-pkgversion='Ubuntu 4.8.4-2ubuntu1~14.04.3' --with-bugurl=file:///usr/share/doc/gcc-4.8/README.Bugs --enable-languages=c,c++,java,go,d,fortran,objc,obj-c++ --prefix=/usr --program-suffix=-4.8 --enable-shared --enable-linker-build-id --libexecdir=/usr/lib --without-included-gettext --enable-threads=posix --with-gxx-include-dir=/usr/include/c++/4.8 --libdir=/usr/lib --enable-nls --with-sysroot=/ --enable-clocale=gnu --enable-libstdcxx-debug --enable-libstdcxx-time=yes --enable-gnu-unique-object --disable-libmudflap --enable-plugin --with-system-zlib --disable-browser-plugin --enable-java-awt=gtk --enable-gtk-cairo --with-java-home=/usr/lib/jvm/java-1.5.0-gcj-4.8-amd64/jre --enable-java-home --with-jvm-root-dir=/usr/lib/jvm/java-1.5.0-gcj-4.8-amd64 --with-jvm-jar-dir=/usr/lib/jvm-exports/java-1.5.0-gcj-4.8-amd64 --with-arch-directory=amd64 --with-ecj-jar=/usr/share/java/eclipse-ecj.jar --enable-objc-gc --enable-multiarch --disable-werror --with-arch-32=i686 --with-abi=m64 --with-multilib-list=m32,m64,mx32 --with-tune=generic --enable-checking=release --build=x86_64-linux-gnu --host=x86_64-linux-gnu --target=x86_64-linux-gnu
Thread model: posix
gcc version 4.8.4 (Ubuntu 4.8.4-2ubuntu1~14.04.3) 
configure:2882: $? = 0
configure:2871: mpicxx -V >&5
g++: error: unrecognized command line option '-V'
g++: fatal error: no input files
compilation terminated.
configure:2882: $? = 4
configure:2871: mpicxx -qversion >&5
g++: error: unrecognized command line option '-qversion'
g++: fatal error: no input files
compilation terminated.
configure:2882: $? = 4
configure:2902: checking whether the C++ compiler works
configure:2924: mpicxx   -std=c++11 -O3  -Wall -Wfatal-errors  conftest.cpp  >&5
configure:2928: $? = 0
configure:2976: result: yes
configure:2979: checking for C++ compiler default output file name
configure:2981: result: a.out
configure:2987: checking for suffix of executables
configure:2994: mpicxx -o conftest   -std=c++11 -O3  -Wall -Wfatal-errors  conftest.cpp  >&5
configure:2998: $? = 0
configure:3020: result: 
configure:3042: checking whether we are cross compiling
configure:3050: mpicxx -o conftest   -std=c++11 -O3  -Wall -Wfatal-errors  conftest.cpp  >&5
configure:3054: $? = 0
configure:3061: ./conftest
configure:3065: $? = 0
configure:3080: result: no
configure:3085: checking for suffix of object files
configure:3107: mpicxx -c   -std=c++11 -O3  -Wall -Wfatal-errors conftest.cpp >&5
configure:3111: $? = 0
configure:3132: result: o
configure:3136: checking whether we are using the GNU C++ compiler
configure:3155: mpicxx -c   -std=c++11 -O3  -Wall -Wfatal-errors conftest.cpp >&5
configure:3155: $? = 0
configure:3164: result: yes
configure:3173: checking whether mpicxx accepts -g
configure:3193: mpicxx -c -g  -std=c++11 -O3  -Wall -Wfatal-errors conftest.cpp >&5
configure:3193: $? = 0
configure:3234: result: yes
configure:3268: checking for style of include used by make
configure:3296: result: GNU
configure:3322: checking dependency style of mpicxx
configure:3433: result: gcc3
configure:3685: checking how to run the C++ preprocessor
configure:3712: mpicxx -E  -std=c++11 -O3  -Wall -Wfatal-errors conftest.cpp
configure:3712: $? = 0
configure:3726: mpicxx -E  -std=c++11 -O3  -Wall -Wfatal-errors conftest.cpp
conftest.cpp:12:28: fatal error: ac_nonexistent.h: No such file or directory
 #include <ac_nonexistent.h>
                            ^
compilation terminated.
configure:3726: $? = 1
configure: failed program was:
| /* confdefs.h */
| #define PACKAGE_NAME "Quantum State Neutral Networks"
| #define PACKAGE_TARNAME "quantum-state-neutral-networks"
| #define PACKAGE_VERSION "1.0"
| #define PACKAGE_STRING "Quantum State Neutral Networks 1.0"
| #define PACKAGE_BUGREPORT "simon.davenport2@gmail.com"
| #define PACKAGE_URL ""
| #define PACKAGE "quantum-state-neutral-networks"
| #define VERSION "1.0"
| #define _DEBUG_ 0
| /* end confdefs.h.  */
| #include <ac_nonexistent.h>
configure:3751: result: mpicxx -E
configure:3771: mpicxx -E  -std=c++11 -O3  -Wall -Wfatal-errors conftest.cpp
configure:3771: $? = 0
configure:3785: mpicxx -E  -std=c++11 -O3  -Wall -Wfatal-errors conftest.cpp
conftest.cpp:12:28: fatal error: ac_nonexistent.h: No such file or directory
 #include <ac_nonexistent.h>
                            ^
compilation terminated.
configure:3785: $? = 1
configure: failed program was:
| /* confdefs.h */
| #define PACKAGE_NAME "Quantum State Neutral Networks"
| #define PACKAGE_TARNAME "quantum-state-neutral-networks"
| #define PACKAGE_VERSION "1.0"
| #define PACKAGE_STRING "Quantum State Neutral Networks 1.0"
| #define PACKAGE_BUGREPORT "simon.davenport2@gmail.com"
| #define PACKAGE_URL ""
| #define PACKAGE "quantum-state-neutral-networks"
| #define VERSION "1.0"
| #define _DEBUG_ 0
| /* end confdefs.h.  */
| #include <ac_nonexistent.h>
configure:3814: checking for grep that handles long lines and -e
configure:3872: result: /bin/grep
configure:3877: checking for egrep
configure:3939: result: /bin/grep -E
configure:3944: checking for ANSI C header files
configure:3964: mpicxx -c   -std=c++11 -O3  -Wall -Wfatal-errors conftest.cpp >&5
configure:3964: $? = 0
configure:4037: mpicxx -o conftest   -std=c++11 -O3  -Wall -Wfatal-errors  conftest.cpp  >&5
configure:4037: $? = 0
configure:4037: ./conftest
configure:4037: $? = 0
configure:4048: result: yes
configure:4061: checking for sys/types.h
configure:4061: mpicxx -c   -std=c++11 -O3  -Wall -Wfatal-errors conftest.cpp >&5
configure:4061: $? = 0
configure:4061: result: yes
configure:4061: checking for sys/stat.h
configure:4061: mpicxx -c   -std=c++11 -O3  -Wall -Wfatal-errors conftest.cpp >&5
configure:4061: $? = 0
configure:4061: result: yes
configure:4061: checking for stdlib.h
configure:4061: mpicxx -c   -std=c++11 -O3  -Wall -Wfatal-errors conftest.cpp >&5
configure:4061: $? = 0
configure:4061: result: yes
configure:4061: checking for string.h
configure:4061: mpicxx -c   -std=c++11 -O3  -Wall -Wfatal-errors conftest.cpp >&5
configure:4061: $? = 0
configure:4061: result: yes
configure:4061: checking for memory.h
configure:4061: mpicxx -c   -std=c++11 -O3  -Wall -Wfatal-errors conftest.cpp >&5
configure:4061: $? = 0
configure:4061: result: yes
configure:4061: checking for strings.h
configure:4061: mpicxx -c   -std=c++11 -O3  -Wall -Wfatal-errors conftest.cpp >&5
configure:4061: $? = 0
configure:4061: result: yes
configure:4061: checking for inttypes.h
configure:4061: mpicxx -c   -std=c++11 -O3  -Wall -Wfatal-errors conftest.cpp >&5
configure:4061: $? = 0
configure:4061: result: yes
configure:4061: checking for stdint.h
configure:4061: mpicxx -c   -std=c++11 -O3  -Wall -Wfatal-errors conftest.cpp >&5
configure:4061: $? = 0
configure:4061: result: yes
configure:4061: checking for unistd.h
configure:4061: mpicxx -c   -std=c++11 -O3  -Wall -Wfatal-errors conftest.cpp >&5
configure:4061: $? = 0
configure:4061: result: yes
configure:4075: checking boost/program_options.hpp usability
configure:4075: mpicxx -c   -std=c++11 -O3  -Wall -Wfatal-errors conftest.cpp >&5
configure:4075: $? = 0
configure:4075: result: yes
configure:4075: checking boost/program_options.hpp presence
configure:4075: mpicxx -E  -std=c++11 -O3  -Wall -Wfatal-errors conftest.cpp
configure:4075: $? = 0
configure:4075: result: yes
configure:4075: checking for boost/program_options.hpp
configure:4075: result: yes
configure:4242: checking that generated files are newer than configure
configure:4248: result: done
configure:4271: creating ./config.status

## ---------------------- ##
## Running config.status. ##
## ---------------------- ##

This file was extended by Quantum State Neutral Networks config.status 1.0, which was
generated by GNU Autoconf 2.69.  Invocation command line was

  CONFIG_FILES    = 
  CONFIG_HEADERS  = 
  CONFIG_LINKS    = 
  CONFIG_COMMANDS = 
  $ ./config.status 

on tschllaushau

config.status:781: creating Makefile
config.status:781: creating src/Makefile
config.status:953: executing depfiles commands

## ---------------- ##
## Cache variables. ##
## ---------------- ##

ac_cv_cxx_compiler_gnu=yes
ac_cv_env_CCC_set=
ac_cv_env_CCC_value=
ac_cv_env_CPPFLAGS_set=
ac_cv_env_CPPFLAGS_value=
ac_cv_env_CXXCPP_set=
ac_cv_env_CXXCPP_value=
ac_cv_env_CXXFLAGS_set=
ac_cv_env_CXXFLAGS_value=
ac_cv_env_CXX_set=
ac_cv_env_CXX_value=
ac_cv_env_FCFLAGS_set=
ac_cv_env_FCFLAGS_value=
ac_cv_env_FC_set=
ac_cv_env_FC_value=
ac_cv_env_LDFLAGS_set=
ac_cv_env_LDFLAGS_value=
ac_cv_env_LIBS_set=
ac_cv_env_LIBS_value=
ac_cv_env_build_alias_set=
ac_cv_env_build_alias_value=
ac_cv_env_host_alias_set=
ac_cv_env_host_alias_value=
ac_cv_env_target_alias_set=
ac_cv_env_target_alias_value=
ac_cv_header_boost_program_options_hpp=yes
ac_cv_header_inttypes_h=yes
ac_cv_header_memory_h=yes
ac_cv_header_stdc=yes
ac_cv_header_stdint_h=yes
ac_cv_header_stdlib_h=yes
ac_cv_header_string_h=yes
ac_cv_header_strings_h=yes
ac_cv_header_sys_stat_h=yes
ac_cv_header_sys_types_h=yes
ac_cv_header_unistd_h=yes
ac_cv_objext=o
ac_cv_path_EGREP='/bin/grep -E'
ac_cv_path_GREP=/bin/grep
ac_cv_path_install='/usr/bin/install -c'
ac_cv_path_mkdir=/bin/mkdir
ac_cv_prog_AWK=gawk
ac_cv_prog_CXXCPP='mpicxx -E'
ac_cv_prog_ac_ct_CXX=mpicxx
ac_cv_prog_cxx_g=yes
ac_cv_prog_make_make_set=yes
am_cv_CXX_dependencies_compiler_type=gcc3
am_cv_make_support_nested_variables=yes

## ----------------- ##
## Output variables. ##
## ----------------- ##

ACLOCAL='${SHELL} /home/simon/physics_programs/quantum_state_neural_network/config/missing aclocal-1.14'
AMDEPBACKSLASH='\'
AMDEP_FALSE='#'
AMDEP_TRUE=''
AMTAR='$${TAR-tar}'
AM_BACKSLASH='\'
AM_DEFAULT_V='$(AM_DEFAULT_VERBOSITY)'
AM_DEFAULT_VERBOSITY='1'
AM_V='$(V)'
AUTOCONF='${SHELL} /home/simon/physics_programs/quantum_state_neural_network/config/missing autoconf'
AUTOHEADER='${SHELL} /home/simon/physics_programs/quantum_state_neural_network/config/missing autoheader'
AUTOMAKE='${SHELL} /home/simon/physics_programs/quantum_state_neural_network/config/missing automake-1.14'
AWK='gawk'
CPPFLAGS=' -std=c++11 -O3  -Wall -Wfatal-errors'
CXX='mpicxx'
CXXCPP='mpicxx -E'
CXXDEPMODE='depmode=gcc3'
CXXFLAGS=''
CYGPATH_W='echo'
DEFS='-DPACKAGE_NAME=\"Quantum\ State\ Neutral\ Networks\" -DPACKAGE_TARNAME=\"quantum-state-neutral-networks\" -DPACKAGE_VERSION=\"1.0\" -DPACKAGE_STRING=\"Quantum\ State\ Neutral\ Networks\ 1.0\" -DPACKAGE_BUGREPORT=\"simon.davenport2@gmail.com\" -DPACKAGE_URL=\"\" -DPACKAGE=\"quantum-state-neutral-networks\" -DVERSION=\"1.0\" -D_DEBUG_=0 -DSTDC_HEADERS=1 -DHAVE_SYS_TYPES_H=1 -DHAVE_SYS_STAT_H=1 -DHAVE_STDLIB_H=1 -DHAVE_STRING_H=1 -DHAVE_MEMORY_H=1 -DHAVE_STRINGS_H=1 -DHAVE_INTTYPES_H=1 -DHAVE_STDINT_H=1 -DHAVE_UNISTD_H=1 -DHAVE_BOOST_PROGRAM_OPTIONS_HPP=1'
DEPDIR='.deps'
ECHO_C=''
ECHO_N='-n'
ECHO_T=''
EGREP='/bin/grep -E'
EXEEXT=''
FC='mpicxx'
FCFLAGS=''
GREP='/bin/grep'
INSTALL_DATA='${INSTALL} -m 644'
INSTALL_PROGRAM='${INSTALL}'
INSTALL_SCRIPT='${INSTALL}'
INSTALL_STRIP_PROGRAM='$(install_sh) -c -s'
LDFLAGS=''
LIBOBJS=''
LIBS=' -lblas -llapack -lm -lboost_program_options'
LTLIBOBJS=''
MAKEINFO='${SHELL} /home/simon/physics_programs/quantum_state_neural_network/config/missing makeinfo'
MKDIR_P='/bin/mkdir -p'
OBJEXT='o'
PACKAGE='quantum-state-neutral-networks'
PACKAGE_BUGREPORT='simon.davenport2@gmail.com'
PACKAGE_NAME='Quantum State Neutral Networks'
PACKAGE_STRING='Quantum State Neutral Networks 1.0'
PACKAGE_TARNAME='quantum-state-neutral-networks'
PACKAGE_URL=''
PACKAGE_VERSION='1.0'
PATH_SEPARATOR=':'
SET_MAKE=''
SHELL='/bin/bash'
STRIP=''
VERSION='1.0'
ac_ct_CXX='mpicxx'
ac_ct_FC=''
am__EXEEXT_FALSE=''
am__EXEEXT_TRUE='#'
am__fastdepCXX_FALSE='#'
am__fastdepCXX_TRUE=''
am__include='include'
am__isrc=''
am__leading_dot='.'
am__nodep='_no'
am__quote=''
am__tar='$${TAR-tar} chof - "$$tardir"'
am__untar='$${TAR-tar} xf -'
bindir='${exec_prefix}/bin'
build_alias=''
datadir='${datarootdir}'
datarootdir='${prefix}/share'
docdir='${datarootdir}/doc/${PACKAGE_TARNAME}'
dvidir='${docdir}'
exec_prefix='${prefix}'
host_alias=''
htmldir='${docdir}'
includedir='${prefix}/include'
infodir='${datarootdir}/info'
install_sh='${SHELL} /home/simon/physics_programs/quantum_state_neural_network/config/install-sh'
libdir='${exec_prefix}/lib'
libexecdir='${exec_prefix}/libexec'
localedir='${datarootdir}/locale'
localstatedir='${prefix}/var'
mandir='${datarootdir}/man'
mkdir_p='$(MKDIR_P)'
oldincludedir='/usr/include'
pdfdir='${docdir}'
prefix='/usr/local'
program_transform_name='s,x,x,'
psdir='${docdir}'
sbindir='${exec_prefix}/sbin'
sharedstatedir='${prefix}/com'
sysconfdir='${prefix}/etc'
target_alias=''

## ----------- ##
## confdefs.h. ##
## ----------- ##

/* confdefs.h */
#define PACKAGE_NAME "Quantum State Neutral Networks"
#define PACKAGE_TARNAME "quantum-state-neutral-networks"
#define PACKAGE_VERSION "1.0"
#define PACKAGE_STRING "Quantum State Neutral Networks 1.0"
#define PACKAGE_BUGREPORT "simon.davenport2@gmail.com"
#define PACKAGE_URL ""
#define PACKAGE "quantum-state-neutral-networks"
#define VERSION "1.0"
#define _DEBUG_ 0
#define STDC_HEADERS 1
#define HAVE_SYS_TYPES_H 1
#define HAVE_SYS_STAT_H 1
#define HAVE_STDLIB_H 1
#define HAVE_STRING_H 1
#define HAVE_MEMORY_H 1
#define HAVE_STRINGS_H 1
#define HAVE_INTTYPES_H 1
#define HAVE_STDINT_H 1
#define HAVE_UNISTD_H 1
#define HAVE_BOOST_PROGRAM_OPTIONS_HPP 1

configure: exit 0
